<?xml version="1.1" encoding="UTF-8"?>
<testsuite name="tests.DataTestDBunitHsql" tests="3" failures="0" errors="0" timestamp="2013-06-07T14:46:53" hostname="imie-VirtualBox" time="1.319">
  <properties/>
  <testcase name="testDelete" classname="tests.DataTestDBunitHsql" time="1.189"/>
  <testcase name="testInsert" classname="tests.DataTestDBunitHsql" time="0.067"/>
  <testcase name="testSelect" classname="tests.DataTestDBunitHsql" time="0.061"/>
  <system-out><![CDATA[]]></system-out>
  <system-err><![CDATA[]]></system-err>
</testsuite>
