<?xml version="1.1" encoding="UTF-8"?>
<testsuite name="tests.DataTest" tests="3" failures="0" errors="0" timestamp="2013-06-07T14:46:53" hostname="imie-VirtualBox" time="0.083">
  <properties/>
  <testcase name="testDelete" classname="tests.DataTest" time="0.035"/>
  <testcase name="testInsert" classname="tests.DataTest" time="0.024"/>
  <testcase name="testSelect" classname="tests.DataTest" time="0.013"/>
  <system-out><![CDATA[]]></system-out>
  <system-err><![CDATA[]]></system-err>
</testsuite>
